2025-06-27 09:15:01,059 [INFO] Activator:176 - 


2025-06-27 09:15:01,063 [INFO] Activator:177 - !SESSION log4j initialized
2025-06-27 09:15:05,041 [INFO] LogOutputStream:77 - [STDOUT_REDIRECT] 
2025-06-27 09:15:06,261 [INFO] ApplicationProperties:184 - Using Application install path: /opt/st/stm32cubeide_1.18.0/plugins/com.st.stm32cube.common.mx_6.14.0.202502271554
2025-06-27 09:15:06,275 [INFO] DbMcusXml:78 - Set database path to: /opt/st/stm32cubeide_1.18.0/plugins/com.st.stm32cube.common.mx_6.14.0.202502271554//db//mcu/
2025-06-27 09:15:06,276 [INFO] ApiDb:274 - Set plugin database path to: /opt/st/stm32cubeide_1.18.0/plugins/com.st.stm32cube.common.mx_6.14.0.202502271554//db//plugins/boardmanager/
2025-06-27 09:15:06,276 [WARN] ApiDb:259 - Overriding images path with different value:  => /opt/st/stm32cubeide_1.18.0/plugins/com.st.stm32cube.common.mx_6.14.0.202502271554//db//plugins/mcufinder/images/
2025-06-27 09:15:06,282 [INFO] ApiDb:250 - Set database path to: /home/sunbeam/.stmcufinder/plugins/mcufinder//mcu/
2025-06-27 09:15:06,283 [INFO] DbMcusAds:125 - Set database path to: /home/sunbeam/.stmcufinder/plugins/mcufinder//mcu/
2025-06-27 09:15:06,285 [INFO] CrossReferenceDbSqlite:203 - Set database path to: /home/sunbeam/.stmcufinder/plugins/mcufinder//mcu/cs/
2025-06-27 09:15:06,392 [INFO] RulesReader:64 - Compatibility file has been processed (301 Rules)
2025-06-27 09:15:06,448 [INFO] DbMcusXml:78 - Set database path to: /opt/st/stm32cubeide_1.18.0/plugins/com.st.stm32cube.common.mx_6.14.0.202502271554//db//mcu/
2025-06-27 09:15:06,448 [INFO] ApiDb:274 - Set plugin database path to: /opt/st/stm32cubeide_1.18.0/plugins/com.st.stm32cube.common.mx_6.14.0.202502271554//db//plugins/boardmanager/
2025-06-27 09:15:06,448 [INFO] ApiDb:261 - Set plugin images path to: /opt/st/stm32cubeide_1.18.0/plugins/com.st.stm32cube.common.mx_6.14.0.202502271554//db//plugins/mcufinder/images/
2025-06-27 09:15:06,448 [WARN] DbFile:41 - Overriding database path with different value: /home/sunbeam/.stmcufinder/plugins/mcufinder/ => /home/sunbeam/.stmcufinder/plugins/mcufinder
2025-06-27 09:15:06,448 [INFO] ApiDb:250 - Set database path to: /home/sunbeam/.stmcufinder/plugins/mcufinder//mcu/
2025-06-27 09:15:06,448 [WARN] DbFile:41 - Overriding database path with different value: /home/sunbeam/.stmcufinder/plugins/mcufinder/ => /home/sunbeam/.stmcufinder/plugins/mcufinder
2025-06-27 09:15:06,448 [INFO] DbMcusAds:125 - Set database path to: /home/sunbeam/.stmcufinder/plugins/mcufinder//mcu/
2025-06-27 09:15:06,448 [WARN] DbFile:41 - Overriding database path with different value: /home/sunbeam/.stmcufinder/plugins/mcufinder/ => /home/sunbeam/.stmcufinder/plugins/mcufinder
2025-06-27 09:15:06,449 [WARN] DbFile:41 - Overriding database path with different value: /home/sunbeam/.stmcufinder/plugins/mcufinder/ => /home/sunbeam/.stmcufinder/plugins/mcufinder
2025-06-27 09:15:06,449 [INFO] CrossReferenceDbSqlite:203 - Set database path to: /home/sunbeam/.stmcufinder/plugins/mcufinder//mcu/cs/
2025-06-27 09:15:06,508 [INFO] MainPanel:272 - HeapMemory: 268435456
2025-06-27 09:15:06,607 [INFO] DbMcusXml:78 - Set database path to: /opt/st/stm32cubeide_1.18.0/plugins/com.st.stm32cube.common.mx_6.14.0.202502271554//db//mcu/
2025-06-27 09:15:06,608 [INFO] ApiDb:274 - Set plugin database path to: /opt/st/stm32cubeide_1.18.0/plugins/com.st.stm32cube.common.mx_6.14.0.202502271554//db//plugins/boardmanager/
2025-06-27 09:15:06,608 [INFO] ApiDb:261 - Set plugin images path to: /opt/st/stm32cubeide_1.18.0/plugins/com.st.stm32cube.common.mx_6.14.0.202502271554//db//plugins/mcufinder/images/
2025-06-27 09:15:06,608 [WARN] DbFile:41 - Overriding database path with different value: /home/sunbeam/.stmcufinder/plugins/mcufinder/ => /home/sunbeam/.stmcufinder/plugins/mcufinder
2025-06-27 09:15:06,608 [INFO] ApiDb:250 - Set database path to: /home/sunbeam/.stmcufinder/plugins/mcufinder//mcu/
2025-06-27 09:15:06,608 [WARN] DbFile:41 - Overriding database path with different value: /home/sunbeam/.stmcufinder/plugins/mcufinder/ => /home/sunbeam/.stmcufinder/plugins/mcufinder
2025-06-27 09:15:06,608 [INFO] DbMcusAds:125 - Set database path to: /home/sunbeam/.stmcufinder/plugins/mcufinder//mcu/
2025-06-27 09:15:06,609 [WARN] DbFile:41 - Overriding database path with different value: /home/sunbeam/.stmcufinder/plugins/mcufinder/ => /home/sunbeam/.stmcufinder/plugins/mcufinder
2025-06-27 09:15:06,609 [WARN] DbFile:41 - Overriding database path with different value: /home/sunbeam/.stmcufinder/plugins/mcufinder/ => /home/sunbeam/.stmcufinder/plugins/mcufinder
2025-06-27 09:15:06,609 [INFO] CrossReferenceDbSqlite:203 - Set database path to: /home/sunbeam/.stmcufinder/plugins/mcufinder//mcu/cs/
2025-06-27 09:15:06,621 [INFO] ApplicationProperties:184 - Using Application install path: /opt/st/stm32cubeide_1.18.0/plugins/com.st.stm32cube.common.mx_6.14.0.202502271554
2025-06-27 09:15:06,622 [INFO] PluginManage:196 - Search for loadable plugins [exclusion list=, ]
2025-06-27 09:15:06,623 [INFO] PluginManage:310 - Check plugin analytics
2025-06-27 09:15:06,809 [INFO] AnalyticsPlugin:253 - Accepted Software Licenses: 
2025-06-27 09:15:06,810 [INFO] AnalyticsPlugin:255 - Accepted CMSIS Pack Licenses: 
2025-06-27 09:15:06,810 [INFO] AnalyticsPlugin:257 - Accepted Firmware Licenses: FW.F4.1.28.0
2025-06-27 09:15:06,813 [INFO] PluginManage:359 - Loaded plugin analytics (category:tool,tabindex:-1)
2025-06-27 09:15:06,813 [INFO] PluginManage:310 - Check plugin cadmodel
2025-06-27 09:15:06,818 [INFO] CADModel:105 - Init CAD model plugin
2025-06-27 09:15:06,818 [INFO] PluginManage:359 - Loaded plugin cadmodel (category:power,tabindex:5)
2025-06-27 09:15:06,819 [INFO] PluginManage:310 - Check plugin clock
2025-06-27 09:15:06,827 [INFO] PluginManage:359 - Loaded plugin clock (category:base,tabindex:2)
2025-06-27 09:15:06,827 [INFO] PluginManage:310 - Check plugin ddr
2025-06-27 09:15:06,830 [INFO] PluginManage:359 - Loaded plugin ddr (category:tool,tabindex:6)
2025-06-27 09:15:06,830 [INFO] PluginManage:310 - Check plugin filemanager
2025-06-27 09:15:06,942 [INFO] PluginManage:359 - Loaded plugin filemanager (category:base,tabindex:10)
2025-06-27 09:15:06,942 [INFO] PluginManage:310 - Check plugin ipmanager
2025-06-27 09:15:06,946 [INFO] PluginManage:359 - Loaded plugin ipmanager (category:base,tabindex:5)
2025-06-27 09:15:06,946 [INFO] PluginManage:310 - Check plugin lpbam
2025-06-27 09:15:06,954 [INFO] PluginManage:359 - Loaded plugin lpbam (category:base,tabindex:0)
2025-06-27 09:15:06,954 [INFO] PluginManage:310 - Check plugin memorymap
2025-06-27 09:15:06,963 [INFO] PluginManage:359 - Loaded plugin memorymap (category:base,tabindex:4)
2025-06-27 09:15:06,963 [INFO] PluginManage:310 - Check plugin pinoutandconfiguration
2025-06-27 09:15:06,970 [INFO] PluginManage:359 - Loaded plugin pinoutandconfiguration (category:base,tabindex:1)
2025-06-27 09:15:06,970 [INFO] PluginManage:310 - Check plugin pinoutconfig
2025-06-27 09:15:07,039 [WARN] SupportedApi:132 - Cannot load RTOS API schema: s4s-elt-must-match.1: The content of 'definitions' must match (annotation?, (simpleType | complexType)?, (unique | key | keyref)*)). A problem was found starting at: attribute.
2025-06-27 09:15:07,149 [INFO] PluginManage:359 - Loaded plugin pinoutconfig (category:base,tabindex:0)
2025-06-27 09:15:07,149 [INFO] PluginManage:310 - Check plugin power
2025-06-27 09:15:07,158 [INFO] PluginManage:359 - Loaded plugin power (category:power,tabindex:4)
2025-06-27 09:15:07,158 [INFO] PluginManage:310 - Check plugin projectmanager
2025-06-27 09:15:07,171 [INFO] PluginManage:359 - Loaded plugin projectmanager (category:projectmanager,tabindex:4)
2025-06-27 09:15:07,171 [INFO] PluginManage:310 - Check plugin rif
2025-06-27 09:15:07,178 [INFO] PluginManage:359 - Loaded plugin rif (category:base,tabindex:3)
2025-06-27 09:15:07,178 [INFO] PluginManage:310 - Check plugin thirdparty
2025-06-27 09:15:07,298 [INFO] PluginManage:359 - Loaded plugin thirdparty (category:base,tabindex:-1)
2025-06-27 09:15:07,298 [WARN] IntegrityCheckThread:84 - waiting for thirdparty lock release [integrity check]
2025-06-27 09:15:07,299 [INFO] PluginManage:310 - Check plugin tools
2025-06-27 09:15:07,299 [INFO] IntegrityCheckThread:86 - entering critical section [integrity check]
2025-06-27 09:15:07,299 [INFO] ThirdPartyUpdaterWithRetryManager:70 - Updater plugin not ready yet. [1/15]
2025-06-27 09:15:07,301 [INFO] PluginManage:359 - Loaded plugin tools (category:base,tabindex:7)
2025-06-27 09:15:07,301 [INFO] PluginManage:310 - Check plugin tutovideos
2025-06-27 09:15:07,479 [INFO] PluginManage:359 - Loaded plugin tutovideos (category:base,tabindex:-1)
2025-06-27 09:15:07,480 [INFO] PluginManage:310 - Check plugin updater
2025-06-27 09:15:07,500 [INFO] PluginManage:359 - Loaded plugin updater (category:base,tabindex:12)
2025-06-27 09:15:07,500 [INFO] PluginManage:310 - Check plugin userauth
2025-06-27 09:15:07,505 [INFO] UserAuth:118 - Init User Auth plugin
2025-06-27 09:15:07,506 [INFO] PluginManage:359 - Loaded plugin userauth (category:base,tabindex:14)
2025-06-27 09:15:07,506 [INFO] PluginManage:283 - PluginManage : Loaded plugins [18]
2025-06-27 09:15:07,688 [INFO] PinOutPanel:1589 - setPackage(No Configuration,No Configuration)
2025-06-27 09:15:07,752 [INFO] CADModel:165 - CPN selected for project level
2025-06-27 09:15:07,752 [INFO] CADModel:114 - Register for checkConnection events
2025-06-27 09:15:07,766 [INFO] IPUIPlugin:80 - create IPUIPlugin
2025-06-27 09:15:07,766 [INFO] PluginManager:220 - loadIPPluginJar : add gfxmmu
2025-06-27 09:15:07,771 [INFO] IPUIPlugin:80 - create IPUIPlugin
2025-06-27 09:15:07,771 [INFO] PluginManager:220 - loadIPPluginJar : add opamp
2025-06-27 09:15:07,774 [INFO] IPUIPlugin:80 - create IPUIPlugin
2025-06-27 09:15:07,774 [INFO] PluginManager:220 - loadIPPluginJar : add i2c
2025-06-27 09:15:07,776 [INFO] IPUIPlugin:80 - create IPUIPlugin
2025-06-27 09:15:07,776 [INFO] PluginManager:220 - loadIPPluginJar : add spi
2025-06-27 09:15:07,778 [INFO] IPUIPlugin:80 - create IPUIPlugin
2025-06-27 09:15:07,778 [INFO] PluginManager:220 - loadIPPluginJar : add i2s
2025-06-27 09:15:07,784 [INFO] IPUIPlugin:80 - create IPUIPlugin
2025-06-27 09:15:07,784 [INFO] PluginManager:220 - loadIPPluginJar : add mdma
2025-06-27 09:15:07,785 [INFO] IPUIPlugin:80 - create IPUIPlugin
2025-06-27 09:15:07,786 [INFO] PluginManager:220 - loadIPPluginJar : add ltdc
2025-06-27 09:15:07,788 [INFO] IPUIPlugin:80 - create IPUIPlugin
2025-06-27 09:15:07,788 [INFO] PluginManager:220 - loadIPPluginJar : add extmemmanager
2025-06-27 09:15:07,790 [INFO] IPUIPlugin:80 - create IPUIPlugin
2025-06-27 09:15:07,790 [INFO] PluginManager:220 - loadIPPluginJar : add tim
2025-06-27 09:15:07,793 [INFO] IPUIPlugin:80 - create IPUIPlugin
2025-06-27 09:15:07,794 [INFO] PluginManager:220 - loadIPPluginJar : add ddr_ctrl_phy
2025-06-27 09:15:07,796 [INFO] IPUIPlugin:80 - create IPUIPlugin
2025-06-27 09:15:07,796 [INFO] PluginManager:220 - loadIPPluginJar : add dfsdm
2025-06-27 09:15:07,798 [INFO] IPUIPlugin:80 - create IPUIPlugin
2025-06-27 09:15:07,798 [INFO] PluginManager:220 - loadIPPluginJar : add usart
2025-06-27 09:15:07,805 [INFO] IPUIPlugin:80 - create IPUIPlugin
2025-06-27 09:15:07,805 [INFO] PluginManager:220 - loadIPPluginJar : add stm32_wpan
2025-06-27 09:15:07,812 [INFO] IPUIPlugin:80 - create IPUIPlugin
2025-06-27 09:15:07,813 [INFO] PluginManager:220 - loadIPPluginJar : add linkedlist
2025-06-27 09:15:07,815 [INFO] IPUIPlugin:80 - create IPUIPlugin
2025-06-27 09:15:07,815 [INFO] PluginManager:220 - loadIPPluginJar : add cryp
2025-06-27 09:15:07,817 [INFO] IPUIPlugin:80 - create IPUIPlugin
2025-06-27 09:15:07,817 [INFO] PluginManager:220 - loadIPPluginJar : add aes
2025-06-27 09:15:07,819 [INFO] IPUIPlugin:80 - create IPUIPlugin
2025-06-27 09:15:07,820 [INFO] PluginManager:220 - loadIPPluginJar : add sai
2025-06-27 09:15:07,821 [INFO] IPUIPlugin:80 - create IPUIPlugin
2025-06-27 09:15:07,821 [INFO] PluginManager:220 - loadIPPluginJar : add comp
2025-06-27 09:15:07,823 [INFO] IPUIPlugin:80 - create IPUIPlugin
2025-06-27 09:15:07,823 [INFO] PluginManager:220 - loadIPPluginJar : add lorawan
2025-06-27 09:15:07,826 [INFO] IPUIPlugin:80 - create IPUIPlugin
2025-06-27 09:15:07,826 [INFO] PluginManager:220 - loadIPPluginJar : add i3c
2025-06-27 09:15:07,829 [INFO] IPUIPlugin:80 - create IPUIPlugin
2025-06-27 09:15:07,829 [INFO] PluginManager:220 - loadIPPluginJar : add openamp
2025-06-27 09:15:07,834 [INFO] IPUIPlugin:80 - create IPUIPlugin
2025-06-27 09:15:07,834 [INFO] PluginManager:220 - loadIPPluginJar : add freertos
2025-06-27 09:15:07,838 [INFO] IPUIPlugin:80 - create IPUIPlugin
2025-06-27 09:15:07,838 [INFO] PluginManager:220 - loadIPPluginJar : add ipddr
2025-06-27 09:15:07,840 [INFO] IPUIPlugin:80 - create IPUIPlugin
2025-06-27 09:15:07,841 [INFO] PluginManager:220 - loadIPPluginJar : add can
2025-06-27 09:15:07,844 [INFO] IPUIPlugin:80 - create IPUIPlugin
2025-06-27 09:15:07,844 [INFO] PluginManager:220 - loadIPPluginJar : add nvic
2025-06-27 09:15:07,850 [INFO] IPUIPlugin:80 - create IPUIPlugin
2025-06-27 09:15:07,850 [INFO] PluginManager:220 - loadIPPluginJar : add dma
2025-06-27 09:15:07,851 [INFO] IPUIPlugin:80 - create IPUIPlugin
2025-06-27 09:15:07,852 [INFO] PluginManager:220 - loadIPPluginJar : add fatfs
2025-06-27 09:15:07,854 [INFO] IPUIPlugin:80 - create IPUIPlugin
2025-06-27 09:15:07,854 [INFO] PluginManager:220 - loadIPPluginJar : add gtzc
2025-06-27 09:15:07,859 [INFO] IPUIPlugin:80 - create IPUIPlugin
2025-06-27 09:15:07,859 [INFO] PluginManager:220 - loadIPPluginJar : add gpio
2025-06-27 09:15:07,863 [INFO] IPUIPlugin:80 - create IPUIPlugin
2025-06-27 09:15:07,863 [INFO] PluginManager:220 - loadIPPluginJar : add fmc
2025-06-27 09:15:07,865 [INFO] IPUIPlugin:80 - create IPUIPlugin
2025-06-27 09:15:07,865 [INFO] PluginManager:220 - loadIPPluginJar : add ts
2025-06-27 09:15:07,872 [INFO] IPUIPlugin:80 - create IPUIPlugin
2025-06-27 09:15:07,872 [INFO] PluginManager:220 - loadIPPluginJar : add gic
2025-06-27 09:15:07,883 [INFO] IPUIPlugin:80 - create IPUIPlugin
2025-06-27 09:15:07,886 [INFO] PluginManager:220 - loadIPPluginJar : add plateformsettings
2025-06-27 09:15:07,889 [INFO] IPUIPlugin:80 - create IPUIPlugin
2025-06-27 09:15:07,889 [INFO] PluginManager:220 - loadIPPluginJar : add tsc
2025-06-27 09:15:07,905 [INFO] IPUIPlugin:80 - create IPUIPlugin
2025-06-27 09:15:07,905 [INFO] PluginManager:220 - loadIPPluginJar : add dma3
2025-06-27 09:15:07,913 [INFO] IPUIPlugin:80 - create IPUIPlugin
2025-06-27 09:15:07,913 [INFO] PluginManager:220 - loadIPPluginJar : add touchsensing
2025-06-27 09:15:07,917 [INFO] IPUIPlugin:80 - create IPUIPlugin
2025-06-27 09:15:07,918 [INFO] PluginManager:220 - loadIPPluginJar : add radio
2025-06-27 09:15:07,927 [INFO] IPUIPlugin:80 - create IPUIPlugin
2025-06-27 09:15:07,928 [INFO] PluginManager:220 - loadIPPluginJar : add resmgrutility
2025-06-27 09:15:07,930 [INFO] IPUIPlugin:80 - create IPUIPlugin
2025-06-27 09:15:07,930 [INFO] PluginManager:220 - loadIPPluginJar : add tracer_emb
2025-06-27 09:15:07,933 [INFO] IPUIPlugin:80 - create IPUIPlugin
2025-06-27 09:15:07,933 [INFO] PluginManager:220 - loadIPPluginJar : add hash
2025-06-27 09:15:07,942 [INFO] IPUIPlugin:80 - create IPUIPlugin
2025-06-27 09:15:07,942 [INFO] PluginManager:220 - loadIPPluginJar : add adc
2025-06-27 09:15:07,946 [INFO] IPUIPlugin:80 - create IPUIPlugin
2025-06-27 09:15:07,946 [INFO] PluginManager:220 - loadIPPluginJar : add pdm2pcm
2025-06-27 09:15:07,950 [INFO] IPUIPlugin:80 - create IPUIPlugin
2025-06-27 09:15:07,950 [INFO] PluginManager:220 - loadIPPluginJar : add usbx
2025-06-27 09:15:07,952 [INFO] IPUIPlugin:80 - create IPUIPlugin
2025-06-27 09:15:07,952 [INFO] PluginManager:220 - loadIPPluginJar : add ucpd
2025-06-27 09:15:07,953 [INFO] IPUIPlugin:80 - create IPUIPlugin
2025-06-27 09:15:07,953 [INFO] PluginManager:220 - loadIPPluginJar : add quadspi
2025-06-27 09:15:07,954 [INFO] IPUIPlugin:80 - create IPUIPlugin
2025-06-27 09:15:07,954 [INFO] PluginManager:220 - loadIPPluginJar : add genericplugin
2025-06-27 09:15:08,054 [FATAL] Updater:351 - Updater called before beeing initialized
2025-06-27 09:15:08,102 [INFO] RulesReader:64 - Compatibility file has been processed (301 Rules)
2025-06-27 09:15:08,117 [INFO] RulesReader:64 - Compatibility file has been processed (301 Rules)
2025-06-27 09:15:08,124 [INFO] CADModel:165 - CPN selected for project level
2025-06-27 09:15:08,124 [INFO] CADModel:114 - Register for checkConnection events
2025-06-27 09:15:08,124 [FATAL] Updater:351 - Updater called before beeing initialized
2025-06-27 09:15:08,124 [ERROR] CADModel:125 - Updater not yet initialized, retry later 
2025-06-27 09:15:08,236 [FATAL] Updater:351 - Updater called before beeing initialized
2025-06-27 09:15:08,237 [INFO] CADModel:165 - CPN selected for project level
2025-06-27 09:15:08,238 [INFO] CADModel:114 - Register for checkConnection events
2025-06-27 09:15:08,238 [FATAL] Updater:351 - Updater called before beeing initialized
2025-06-27 09:15:08,238 [ERROR] CADModel:125 - Updater not yet initialized, retry later 
2025-06-27 09:15:08,242 [FATAL] Updater:351 - Updater called before beeing initialized
2025-06-27 09:15:08,329 [FATAL] Updater:351 - Updater called before beeing initialized
2025-06-27 09:15:08,333 [INFO] DbMcusAds:53 - JSON generation date=Thu Jun 19 14:02:34 IST 2025 (1750321954415)
2025-06-27 09:15:08,333 [FATAL] Updater:351 - Updater called before beeing initialized
2025-06-27 09:15:08,364 [WARN] DetailPanel:346 - Failed to get advertising image, set to default
2025-06-27 09:15:08,581 [FATAL] Updater:351 - Updater called before beeing initialized
2025-06-27 09:15:08,582 [FATAL] Updater:351 - Updater called before beeing initialized
2025-06-27 09:15:08,582 [FATAL] Updater:351 - Updater called before beeing initialized
2025-06-27 09:15:08,582 [WARN] DetailPanel:346 - Failed to get advertising image, set to default
2025-06-27 09:15:08,583 [FATAL] Updater:351 - Updater called before beeing initialized
2025-06-27 09:15:08,615 [ERROR] Updater:1198 - MainUpdater not yet initialized. External WinMGr cannot be set.
2025-06-27 09:15:08,616 [INFO] Updater:1134 - Updater Version found : 6.14.0
2025-06-27 09:15:08,634 [INFO] ApplicationProperties:184 - Using Application install path: /opt/st/stm32cubeide_1.18.0/plugins/com.st.stm32cube.common.mx_6.14.0.202502271554
2025-06-27 09:15:08,646 [ERROR] LogOutputStream:75 - [STDERR_REDIRECT] Jun 27, 2025 9:15:08 AM java.util.prefs.FileSystemPreferences$2 run
2025-06-27 09:15:08,646 [ERROR] LogOutputStream:75 - [STDERR_REDIRECT] WARNING: Could not create system preferences directory. System preferences are unusable.
2025-06-27 09:15:08,647 [ERROR] LogOutputStream:75 - [STDERR_REDIRECT] 
2025-06-27 09:15:09,091 [INFO] MainUpdater:2872 - connection check result : 10
2025-06-27 09:15:09,092 [INFO] MainUpdater:289 - Updater Check For Update Now.
2025-06-27 09:15:09,092 [INFO] MicroXplorer:498 - Change Database Version : DB.6.0.140
2025-06-27 09:15:09,098 [INFO] McuFinderGlobals:63 - Set McuFinder mode to 2 (CubeIDE integrated)
2025-06-27 09:15:09,099 [INFO] UserAuth:486 - Internet connection configuration mode: 1
2025-06-27 09:15:09,116 [INFO] JxBrowserEngine:152 - Initiate JxBrowser Engine with user profile folder
2025-06-27 09:15:09,264 [INFO] CheckServerUpdateThread:120 - End of CheckServer Thread
2025-06-27 09:15:09,819 [INFO] WebApp:169 - Instantiating new browser for Auth
2025-06-27 09:15:10,440 [WARN] PackLoader:240 - Cannot read IP mode file for STMicroelectronics.FP-SNS-MOTENVWB1.1.4.0
2025-06-27 09:15:10,450 [WARN] PackLoader:240 - Cannot read IP mode file for STMicroelectronics.FP-ATR-ASTRA1.2.0.2
2025-06-27 09:15:10,460 [WARN] PackLoader:240 - Cannot read IP mode file for STMicroelectronics.X-CUBE-SMBUS.2.1.0
2025-06-27 09:15:10,472 [WARN] PackLoader:240 - Cannot read IP mode file for STMicroelectronics.X-CUBE-WB05N.1.1.0
2025-06-27 09:15:10,474 [INFO] WebApp:463 - Apply proxy settings
2025-06-27 09:15:10,474 [INFO] WebApp:548 - Chromium requires no authentication
2025-06-27 09:15:10,479 [WARN] PackLoader:240 - Cannot read IP mode file for STMicroelectronics.X-CUBE-ST60.1.0.0
2025-06-27 09:15:10,483 [INFO] WebApp:491 - Direct internet connection detected
2025-06-27 09:15:10,508 [INFO] WebApp:894 - Register for checkConnection events
2025-06-27 09:15:10,509 [INFO] WebApp:463 - Apply proxy settings
2025-06-27 09:15:10,509 [INFO] WebApp:548 - Chromium requires no authentication
2025-06-27 09:15:10,510 [INFO] WebApp:491 - Direct internet connection detected
2025-06-27 09:15:10,521 [WARN] PackLoader:240 - Cannot read IP mode file for STMicroelectronics.X-CUBE-AZRTOS-F7.1.1.0
2025-06-27 09:15:10,557 [WARN] PackLoader:240 - Cannot read IP mode file for Infineon.AIROC-Wi-Fi-Bluetooth-STM32.1.7.0
2025-06-27 09:15:10,569 [WARN] PackLoader:240 - Cannot read IP mode file for STMicroelectronics.X-CUBE-DISPLAY.3.0.0
2025-06-27 09:15:10,579 [WARN] PackLoader:240 - Cannot read IP mode file for STMicroelectronics.X-CUBE-NFC10.1.0.0
2025-06-27 09:15:10,592 [WARN] PackLoader:240 - Cannot read IP mode file for STMicroelectronics.X-CUBE-BLEMGR.4.0.0
2025-06-27 09:15:10,603 [WARN] PackLoader:240 - Cannot read IP mode file for emotas.I-CUBE-CANOPEN.1.3.0
2025-06-27 09:15:10,607 [WARN] ConditionMgr:438 - getConditionDescription Invalid condition id : Cortex-A Device cause : null
2025-06-27 09:15:10,618 [WARN] ConditionMgr:1044 - genDependencies : Invalid condition id : Cortex-A Device cause : null
2025-06-27 09:15:10,618 [WARN] ConditionMgr:1044 - genDependencies : Invalid condition id : Cortex-A Device cause : null
2025-06-27 09:15:10,618 [WARN] ConditionMgr:1044 - genDependencies : Invalid condition id : Cortex-A Device cause : null
2025-06-27 09:15:10,622 [WARN] PackLoader:240 - Cannot read IP mode file for STMicroelectronics.X-CUBE-AI.10.0.0
2025-06-27 09:15:10,625 [WARN] PackLoader:240 - Cannot read IP mode file for STMicroelectronics.FP-SNS-SMARTAG2.1.2.0
2025-06-27 09:15:10,630 [WARN] PackLoader:240 - Cannot read IP mode file for STMicroelectronics.FP-SNS-FLIGHT1.5.1.0
2025-06-27 09:15:10,720 [WARN] PackLoader:240 - Cannot read IP mode file for STMicroelectronics.X-CUBE-MEMS1.11.1.0
2025-06-27 09:15:10,730 [INFO] WebApp:225 - Starting web application
2025-06-27 09:15:10,730 [INFO] WebApp:593 - Web application path used /opt/st/stm32cubeide_1.18.0/plugins/com.st.stm32cube.common.mx_6.14.0.202502271554/db/plugins/mcufinder/reactClient1/index.html
2025-06-27 09:15:10,823 [INFO] WebApp:191 - Connection restablished
2025-06-27 09:15:10,998 [INFO] UserAuth:486 - Internet connection configuration mode: 1
2025-06-27 09:15:11,082 [INFO] LogOutputStream:77 - [STDOUT_REDIRECT] 1 : Invalid condition id : UX_CORESTACK_Condition cause : null
2025-06-27 09:15:11,083 [INFO] LogOutputStream:77 - [STDOUT_REDIRECT] 1 : Invalid condition id : UX_CORESTACK_Condition cause : null
2025-06-27 09:15:11,083 [INFO] LogOutputStream:77 - [STDOUT_REDIRECT] 1 : Invalid condition id : UX_CORESTACK_Condition cause : null
2025-06-27 09:15:11,083 [INFO] LogOutputStream:77 - [STDOUT_REDIRECT] 1 : Invalid condition id : UX_CORESTACK_Condition cause : null
2025-06-27 09:15:11,084 [INFO] LogOutputStream:77 - [STDOUT_REDIRECT] 1 : Invalid condition id : UX_CORESTACK_Condition cause : null
2025-06-27 09:15:11,088 [WARN] PackLoader:240 - Cannot read IP mode file for STMicroelectronics.X-CUBE-AZRTOS-WL.2.0.0
2025-06-27 09:15:11,096 [WARN] PackLoader:240 - Cannot read IP mode file for STMicroelectronics.FP-SNS-MOTENV1.5.0.0
2025-06-27 09:15:11,105 [WARN] PackLoader:240 - Cannot read IP mode file for WES.I-CUBE-Cesium.1.3.0
2025-06-27 09:15:11,110 [WARN] PackLoader:240 - Cannot read IP mode file for STMicroelectronics.X-CUBE-BLE2.3.3.0
2025-06-27 09:15:11,118 [WARN] PackLoader:240 - Cannot read IP mode file for STMicroelectronics.X-CUBE-NFC9.1.0.0
2025-06-27 09:15:11,125 [WARN] PackLoader:240 - Cannot read IP mode file for STMicroelectronics.X-CUBE-BLE1.7.1.0
2025-06-27 09:15:11,129 [WARN] PackLoader:240 - Cannot read IP mode file for wolfSSL.I-CUBE-wolfMQTT.1.19.2
2025-06-27 09:15:11,133 [WARN] PackLoader:240 - Cannot read IP mode file for STMicroelectronics.X-CUBE-AI.10.1.0
2025-06-27 09:15:11,198 [WARN] PackLoader:240 - Cannot read IP mode file for STMicroelectronics.X-CUBE-MEMS1.11.2.0
2025-06-27 09:15:11,362 [WARN] PackLoader:240 - Cannot read IP mode file for STMicroelectronics.X-CUBE-AZRTOS-G0.1.1.0
2025-06-27 09:15:11,371 [WARN] PackLoader:240 - Cannot read IP mode file for STMicroelectronics.X-CUBE-SAFEA1.1.2.2
2025-06-27 09:15:11,378 [WARN] PackLoader:240 - Cannot read IP mode file for STMicroelectronics.X-CUBE-NFC4.3.0.0
2025-06-27 09:15:11,388 [WARN] PackLoader:240 - Cannot read IP mode file for EmbeddedOffice.I-CUBE-FS-RTOS.1.0.1
2025-06-27 09:15:11,394 [WARN] PackLoader:240 - Cannot read IP mode file for STMicroelectronics.X-CUBE-WB05N.2.0.0
2025-06-27 09:15:11,399 [WARN] PackLoader:240 - Cannot read IP mode file for wolfSSL.I-CUBE-wolfTPM.3.8.0
2025-06-27 09:15:11,405 [WARN] PackLoader:240 - Cannot read IP mode file for STMicroelectronics.X-CUBE-TCPP.4.2.0
2025-06-27 09:15:11,412 [WARN] PackLoader:240 - Cannot read IP mode file for RealThread.X-CUBE-RT-Thread_Nano.4.1.1
2025-06-27 09:15:11,416 [WARN] PackLoader:240 - Cannot read IP mode file for STMicroelectronics.FP-ATR-SIGFOX1.3.2.0
2025-06-27 09:15:11,422 [WARN] PackLoader:240 - Cannot read IP mode file for STMicroelectronics.X-CUBE-EEPRMA1.5.1.0
2025-06-27 09:15:11,428 [WARN] PackLoader:240 - Cannot read IP mode file for wolfSSL.I-CUBE-wolfSSL.5.7.6
2025-06-27 09:15:11,433 [WARN] PackLoader:240 - Cannot read IP mode file for ITTIA_DB.I-CUBE-ITTIADB.8.9.0
2025-06-27 09:15:11,439 [WARN] PackLoader:240 - Cannot read IP mode file for STMicroelectronics.X-CUBE-ST67W61.1.0.0
2025-06-27 09:15:11,475 [WARN] PackLoader:240 - Cannot read IP mode file for SEGGER.I-CUBE-embOS.1.3.1
2025-06-27 09:15:11,508 [WARN] PackLoader:240 - Cannot read IP mode file for STMicroelectronics.X-CUBE-ALGOBUILD.1.4.0
2025-06-27 09:15:11,542 [WARN] PackLoader:240 - Cannot read IP mode file for STMicroelectronics.X-CUBE-MEMS1.11.3.0
2025-06-27 09:15:11,641 [WARN] PackLoader:240 - Cannot read IP mode file for STMicroelectronics.X-CUBE-PM33A1.1.0.0
2025-06-27 09:15:11,664 [WARN] PackLoader:240 - Cannot read IP mode file for STMicroelectronics.X-CUBE-AZRTOS-F4.1.1.0
2025-06-27 09:15:11,672 [WARN] PackLoader:240 - Cannot read IP mode file for Avnet-IotConnect.X-CUBE-IoTC-DA16k-PMOD.1.0.0
2025-06-27 09:15:11,676 [WARN] PackLoader:240 - Cannot read IP mode file for STMicroelectronics.X-CUBE-ISPU.2.1.0
2025-06-27 09:15:11,697 [WARN] PackLoader:240 - Cannot read IP mode file for STMicroelectronics.X-CUBE-AZRTOS-L5.2.0.0
2025-06-27 09:15:11,709 [WARN] PackLoader:240 - Cannot read IP mode file for STMicroelectronics.X-CUBE-NFC6.3.1.0
2025-06-27 09:15:11,717 [WARN] PackLoader:240 - Cannot read IP mode file for STMicroelectronics.X-CUBE-DPower.1.2.0
2025-06-27 09:15:11,724 [WARN] PackLoader:240 - Cannot read IP mode file for STMicroelectronics.X-CUBE-FREERTOS.1.3.1
2025-06-27 09:15:11,729 [WARN] PackLoader:240 - Cannot read IP mode file for STMicroelectronics.X-CUBE-FREERTOS.1.3.0
2025-06-27 09:15:11,734 [WARN] PackLoader:240 - Cannot read IP mode file for STMicroelectronics.X-CUBE-NFC7.1.0.1
2025-06-27 09:15:11,740 [WARN] PackLoader:240 - Cannot read IP mode file for STMicroelectronics.FP-SNS-STAIOTCFT.1.0.0
2025-06-27 09:15:11,745 [WARN] PackLoader:240 - Cannot read IP mode file for STMicroelectronics.X-CUBE-DPower.1.3.0
2025-06-27 09:15:11,788 [WARN] ConditionMgr:438 - getConditionDescription Invalid condition id : LAN8742 Phy interface Condition cause : null
2025-06-27 09:15:11,789 [WARN] PackLoader:240 - Cannot read IP mode file for STMicroelectronics.X-CUBE-AZRTOS-L4.2.0.0
2025-06-27 09:15:11,791 [WARN] ConditionMgr:1044 - genDependencies : Invalid condition id : LAN8742 Phy interface Condition cause : null
2025-06-27 09:15:11,792 [WARN] ConditionMgr:1044 - genDependencies : Invalid condition id : LAN8742 Phy interface Condition cause : null
2025-06-27 09:15:11,792 [WARN] ConditionMgr:1044 - genDependencies : Invalid condition id : LAN8742 Phy interface Condition cause : null
2025-06-27 09:15:11,802 [WARN] PackLoader:240 - Cannot read IP mode file for STMicroelectronics.X-CUBE-SFXS2LP1.4.0.0
2025-06-27 09:15:11,828 [WARN] PackLoader:240 - Cannot read IP mode file for STMicroelectronics.X-CUBE-AZRTOS-H7.3.3.0
2025-06-27 09:15:11,844 [WARN] ConditionMgr:438 - getConditionDescription Invalid condition id : UX DEVICE CLASS RTOS Condition cause : null
2025-06-27 09:15:11,845 [WARN] ConditionMgr:438 - getConditionDescription Invalid condition id : UX DEVICE CLASS RTOS Condition cause : null
2025-06-27 09:15:11,848 [WARN] PackLoader:240 - Cannot read IP mode file for STMicroelectronics.X-CUBE-AZRTOS-WB.2.0.0
2025-06-27 09:15:11,849 [WARN] ConditionMgr:1044 - genDependencies : Invalid condition id : UX DEVICE CLASS RTOS Condition cause : null
2025-06-27 09:15:11,849 [WARN] ConditionMgr:1044 - genDependencies : Invalid condition id : UX DEVICE CLASS RTOS Condition cause : null
2025-06-27 09:15:11,849 [WARN] ConditionMgr:1044 - genDependencies : Invalid condition id : UX DEVICE CLASS RTOS Condition cause : null
2025-06-27 09:15:11,849 [WARN] ConditionMgr:1044 - genDependencies : Invalid condition id : UX DEVICE CLASS RTOS Condition cause : null
2025-06-27 09:15:11,850 [WARN] ConditionMgr:1044 - genDependencies : Invalid condition id : UX DEVICE CLASS RTOS Condition cause : null
2025-06-27 09:15:11,855 [WARN] PackLoader:240 - Cannot read IP mode file for STMicroelectronics.X-CUBE-GNSS1.7.0.1
2025-06-27 09:15:11,858 [WARN] PackLoader:240 - Cannot read IP mode file for STMicroelectronics.X-CUBE-TOUCHGFX.4.25.0
2025-06-27 09:15:11,862 [WARN] PackLoader:240 - Cannot read IP mode file for STMicroelectronics.FP-SNS-STBOX1.2.0.0
2025-06-27 09:15:11,870 [WARN] PackLoader:240 - Cannot read IP mode file for STMicroelectronics.X-CUBE-SUBG2.5.0.0
2025-06-27 09:15:11,884 [WARN] PackLoader:240 - Cannot read IP mode file for STMicroelectronics.X-CUBE-AZRTOS-H7RS.1.1.0
2025-06-27 09:15:11,888 [WARN] PackLoader:240 - Cannot read IP mode file for Cesanta.I-CUBE-Mongoose.7.13.0
2025-06-27 09:15:11,895 [WARN] PackLoader:240 - Cannot read IP mode file for STMicroelectronics.X-CUBE-AZRTOS-G4.2.0.0
2025-06-27 09:15:11,900 [WARN] PackLoader:240 - Cannot read IP mode file for wolfSSL.I-CUBE-wolfSSH.1.4.20
2025-06-27 09:15:11,902 [WARN] PackLoader:240 - Cannot read IP mode file for STMicroelectronics.X-CUBE-NFC7.2.0.0
2025-06-27 09:15:11,910 [WARN] PackLoader:240 - Cannot read IP mode file for STMicroelectronics.X-CUBE-IPS.3.1.0
2025-06-27 09:15:11,917 [WARN] PackLoader:240 - Cannot read IP mode file for STMicroelectronics.X-CUBE-ALS.1.0.2
2025-06-27 09:15:11,920 [WARN] PackLoader:240 - Cannot read IP mode file for portGmbH.I-Cube-SoM-uGOAL.1.1.0
2025-06-27 09:15:11,926 [WARN] PackLoader:240 - Cannot read IP mode file for STMicroelectronics.X-CUBE-TOF1.3.4.2
2025-06-27 09:15:11,938 [WARN] PackLoader:240 - Cannot read IP mode file for STMicroelectronics.X-CUBE-TOF1.3.4.3
2025-06-27 09:15:11,946 [INFO] ThirdParty:978 - Integrity check success = true
2025-06-27 09:15:11,946 [INFO] IntegrityCheckThread:100 - exiting critical section [integrity check]
2025-06-27 09:15:11,946 [INFO] IntegrityCheckThread:103 - End integrity checks thread
2025-06-27 09:15:34,987 [ERROR] LogOutputStream:75 - [STDERR_REDIRECT] Jun 27, 2025 9:15:34 AM java.util.prefs.FileSystemPreferences checkLockFile0ErrorCode
2025-06-27 09:15:34,988 [ERROR] LogOutputStream:75 - [STDERR_REDIRECT] WARNING: Could not lock System prefs. Unix error code 2.
2025-06-27 09:15:34,988 [ERROR] LogOutputStream:75 - [STDERR_REDIRECT] 
2025-06-27 09:15:35,004 [ERROR] LogOutputStream:75 - [STDERR_REDIRECT] Jun 27, 2025 9:15:34 AM java.util.prefs.FileSystemPreferences syncWorld
2025-06-27 09:15:35,004 [ERROR] LogOutputStream:75 - [STDERR_REDIRECT] WARNING: Couldn't flush system prefs: java.util.prefs.BackingStoreException: Couldn't get file lock.
2025-06-27 09:15:35,005 [ERROR] LogOutputStream:75 - [STDERR_REDIRECT] 
2025-06-27 09:16:04,988 [ERROR] LogOutputStream:75 - [STDERR_REDIRECT] Jun 27, 2025 9:16:04 AM java.util.prefs.FileSystemPreferences checkLockFile0ErrorCode
2025-06-27 09:16:04,988 [ERROR] LogOutputStream:75 - [STDERR_REDIRECT] WARNING: Could not lock System prefs. Unix error code 2.
2025-06-27 09:16:04,989 [ERROR] LogOutputStream:75 - [STDERR_REDIRECT] 
2025-06-27 09:16:04,989 [ERROR] LogOutputStream:75 - [STDERR_REDIRECT] Jun 27, 2025 9:16:04 AM java.util.prefs.FileSystemPreferences syncWorld
2025-06-27 09:16:04,989 [ERROR] LogOutputStream:75 - [STDERR_REDIRECT] WARNING: Couldn't flush system prefs: java.util.prefs.BackingStoreException: Couldn't get file lock.
2025-06-27 09:16:04,989 [ERROR] LogOutputStream:75 - [STDERR_REDIRECT] 
2025-06-27 09:16:34,969 [ERROR] LogOutputStream:75 - [STDERR_REDIRECT] Jun 27, 2025 9:16:34 AM java.util.prefs.FileSystemPreferences checkLockFile0ErrorCode
2025-06-27 09:16:34,969 [ERROR] LogOutputStream:75 - [STDERR_REDIRECT] WARNING: Could not lock System prefs. Unix error code 2.
2025-06-27 09:16:34,969 [ERROR] LogOutputStream:75 - [STDERR_REDIRECT] 
2025-06-27 09:16:34,970 [ERROR] LogOutputStream:75 - [STDERR_REDIRECT] Jun 27, 2025 9:16:34 AM java.util.prefs.FileSystemPreferences syncWorld
2025-06-27 09:16:34,970 [ERROR] LogOutputStream:75 - [STDERR_REDIRECT] WARNING: Couldn't flush system prefs: java.util.prefs.BackingStoreException: Couldn't get file lock.
2025-06-27 09:16:34,970 [ERROR] LogOutputStream:75 - [STDERR_REDIRECT] 
2025-06-27 09:17:04,968 [ERROR] LogOutputStream:75 - [STDERR_REDIRECT] Jun 27, 2025 9:17:04 AM java.util.prefs.FileSystemPreferences checkLockFile0ErrorCode
2025-06-27 09:17:04,969 [ERROR] LogOutputStream:75 - [STDERR_REDIRECT] WARNING: Could not lock System prefs. Unix error code 2.
2025-06-27 09:17:04,969 [ERROR] LogOutputStream:75 - [STDERR_REDIRECT] 
2025-06-27 09:17:04,969 [ERROR] LogOutputStream:75 - [STDERR_REDIRECT] Jun 27, 2025 9:17:04 AM java.util.prefs.FileSystemPreferences syncWorld
2025-06-27 09:17:04,970 [ERROR] LogOutputStream:75 - [STDERR_REDIRECT] WARNING: Couldn't flush system prefs: java.util.prefs.BackingStoreException: Couldn't get file lock.
2025-06-27 09:17:04,970 [ERROR] LogOutputStream:75 - [STDERR_REDIRECT] 
2025-06-27 09:17:34,969 [ERROR] LogOutputStream:75 - [STDERR_REDIRECT] Jun 27, 2025 9:17:34 AM java.util.prefs.FileSystemPreferences checkLockFile0ErrorCode
2025-06-27 09:17:34,970 [ERROR] LogOutputStream:75 - [STDERR_REDIRECT] WARNING: Could not lock System prefs. Unix error code 2.
2025-06-27 09:17:34,970 [ERROR] LogOutputStream:75 - [STDERR_REDIRECT] 
2025-06-27 09:17:34,971 [ERROR] LogOutputStream:75 - [STDERR_REDIRECT] Jun 27, 2025 9:17:34 AM java.util.prefs.FileSystemPreferences syncWorld
2025-06-27 09:17:34,971 [ERROR] LogOutputStream:75 - [STDERR_REDIRECT] WARNING: Couldn't flush system prefs: java.util.prefs.BackingStoreException: Couldn't get file lock.
2025-06-27 09:17:34,972 [ERROR] LogOutputStream:75 - [STDERR_REDIRECT] 
2025-06-27 09:18:04,968 [ERROR] LogOutputStream:75 - [STDERR_REDIRECT] Jun 27, 2025 9:18:04 AM java.util.prefs.FileSystemPreferences checkLockFile0ErrorCode
2025-06-27 09:18:04,968 [ERROR] LogOutputStream:75 - [STDERR_REDIRECT] WARNING: Could not lock System prefs. Unix error code 2.
2025-06-27 09:18:04,968 [ERROR] LogOutputStream:75 - [STDERR_REDIRECT] 
2025-06-27 09:18:04,969 [ERROR] LogOutputStream:75 - [STDERR_REDIRECT] Jun 27, 2025 9:18:04 AM java.util.prefs.FileSystemPreferences syncWorld
2025-06-27 09:18:04,969 [ERROR] LogOutputStream:75 - [STDERR_REDIRECT] WARNING: Couldn't flush system prefs: java.util.prefs.BackingStoreException: Couldn't get file lock.
2025-06-27 09:18:04,969 [ERROR] LogOutputStream:75 - [STDERR_REDIRECT] 
2025-06-27 09:18:34,975 [ERROR] LogOutputStream:75 - [STDERR_REDIRECT] Jun 27, 2025 9:18:34 AM java.util.prefs.FileSystemPreferences checkLockFile0ErrorCode
2025-06-27 09:18:34,975 [ERROR] LogOutputStream:75 - [STDERR_REDIRECT] WARNING: Could not lock System prefs. Unix error code 2.
2025-06-27 09:18:34,985 [ERROR] LogOutputStream:75 - [STDERR_REDIRECT] 
2025-06-27 09:18:34,985 [ERROR] LogOutputStream:75 - [STDERR_REDIRECT] Jun 27, 2025 9:18:34 AM java.util.prefs.FileSystemPreferences syncWorld
2025-06-27 09:18:34,985 [ERROR] LogOutputStream:75 - [STDERR_REDIRECT] WARNING: Couldn't flush system prefs: java.util.prefs.BackingStoreException: Couldn't get file lock.
2025-06-27 09:18:34,985 [ERROR] LogOutputStream:75 - [STDERR_REDIRECT] 
2025-06-27 09:19:04,969 [ERROR] LogOutputStream:75 - [STDERR_REDIRECT] Jun 27, 2025 9:19:04 AM java.util.prefs.FileSystemPreferences checkLockFile0ErrorCode
2025-06-27 09:19:04,969 [ERROR] LogOutputStream:75 - [STDERR_REDIRECT] WARNING: Could not lock System prefs. Unix error code 2.
2025-06-27 09:19:04,969 [ERROR] LogOutputStream:75 - [STDERR_REDIRECT] 
2025-06-27 09:19:04,970 [ERROR] LogOutputStream:75 - [STDERR_REDIRECT] Jun 27, 2025 9:19:04 AM java.util.prefs.FileSystemPreferences syncWorld
2025-06-27 09:19:04,970 [ERROR] LogOutputStream:75 - [STDERR_REDIRECT] WARNING: Couldn't flush system prefs: java.util.prefs.BackingStoreException: Couldn't get file lock.
2025-06-27 09:19:04,970 [ERROR] LogOutputStream:75 - [STDERR_REDIRECT] 
2025-06-27 09:19:34,968 [ERROR] LogOutputStream:75 - [STDERR_REDIRECT] Jun 27, 2025 9:19:34 AM java.util.prefs.FileSystemPreferences checkLockFile0ErrorCode
2025-06-27 09:19:34,968 [ERROR] LogOutputStream:75 - [STDERR_REDIRECT] WARNING: Could not lock System prefs. Unix error code 2.
2025-06-27 09:19:34,969 [ERROR] LogOutputStream:75 - [STDERR_REDIRECT] 
2025-06-27 09:19:34,969 [ERROR] LogOutputStream:75 - [STDERR_REDIRECT] Jun 27, 2025 9:19:34 AM java.util.prefs.FileSystemPreferences syncWorld
2025-06-27 09:19:34,969 [ERROR] LogOutputStream:75 - [STDERR_REDIRECT] WARNING: Couldn't flush system prefs: java.util.prefs.BackingStoreException: Couldn't get file lock.
2025-06-27 09:19:34,970 [ERROR] LogOutputStream:75 - [STDERR_REDIRECT] 
2025-06-27 09:20:04,969 [ERROR] LogOutputStream:75 - [STDERR_REDIRECT] Jun 27, 2025 9:20:04 AM java.util.prefs.FileSystemPreferences checkLockFile0ErrorCode
2025-06-27 09:20:04,969 [ERROR] LogOutputStream:75 - [STDERR_REDIRECT] WARNING: Could not lock System prefs. Unix error code 2.
2025-06-27 09:20:04,969 [ERROR] LogOutputStream:75 - [STDERR_REDIRECT] 
2025-06-27 09:20:04,970 [ERROR] LogOutputStream:75 - [STDERR_REDIRECT] Jun 27, 2025 9:20:04 AM java.util.prefs.FileSystemPreferences syncWorld
2025-06-27 09:20:04,970 [ERROR] LogOutputStream:75 - [STDERR_REDIRECT] WARNING: Couldn't flush system prefs: java.util.prefs.BackingStoreException: Couldn't get file lock.
2025-06-27 09:20:04,971 [ERROR] LogOutputStream:75 - [STDERR_REDIRECT] 
2025-06-27 09:20:34,968 [ERROR] LogOutputStream:75 - [STDERR_REDIRECT] Jun 27, 2025 9:20:34 AM java.util.prefs.FileSystemPreferences checkLockFile0ErrorCode
2025-06-27 09:20:34,968 [ERROR] LogOutputStream:75 - [STDERR_REDIRECT] WARNING: Could not lock System prefs. Unix error code 2.
2025-06-27 09:20:34,969 [ERROR] LogOutputStream:75 - [STDERR_REDIRECT] 
2025-06-27 09:20:34,969 [ERROR] LogOutputStream:75 - [STDERR_REDIRECT] Jun 27, 2025 9:20:34 AM java.util.prefs.FileSystemPreferences syncWorld
2025-06-27 09:20:34,969 [ERROR] LogOutputStream:75 - [STDERR_REDIRECT] WARNING: Couldn't flush system prefs: java.util.prefs.BackingStoreException: Couldn't get file lock.
2025-06-27 09:20:34,969 [ERROR] LogOutputStream:75 - [STDERR_REDIRECT] 
2025-06-27 09:21:04,969 [ERROR] LogOutputStream:75 - [STDERR_REDIRECT] Jun 27, 2025 9:21:04 AM java.util.prefs.FileSystemPreferences checkLockFile0ErrorCode
2025-06-27 09:21:04,970 [ERROR] LogOutputStream:75 - [STDERR_REDIRECT] WARNING: Could not lock System prefs. Unix error code 2.
2025-06-27 09:21:04,970 [ERROR] LogOutputStream:75 - [STDERR_REDIRECT] 
2025-06-27 09:21:04,971 [ERROR] LogOutputStream:75 - [STDERR_REDIRECT] Jun 27, 2025 9:21:04 AM java.util.prefs.FileSystemPreferences syncWorld
2025-06-27 09:21:04,971 [ERROR] LogOutputStream:75 - [STDERR_REDIRECT] WARNING: Couldn't flush system prefs: java.util.prefs.BackingStoreException: Couldn't get file lock.
2025-06-27 09:21:04,971 [ERROR] LogOutputStream:75 - [STDERR_REDIRECT] 
2025-06-27 09:21:34,969 [ERROR] LogOutputStream:75 - [STDERR_REDIRECT] Jun 27, 2025 9:21:34 AM java.util.prefs.FileSystemPreferences checkLockFile0ErrorCode
2025-06-27 09:21:34,969 [ERROR] LogOutputStream:75 - [STDERR_REDIRECT] WARNING: Could not lock System prefs. Unix error code 2.
2025-06-27 09:21:34,970 [ERROR] LogOutputStream:75 - [STDERR_REDIRECT] 
2025-06-27 09:21:34,970 [ERROR] LogOutputStream:75 - [STDERR_REDIRECT] Jun 27, 2025 9:21:34 AM java.util.prefs.FileSystemPreferences syncWorld
2025-06-27 09:21:34,971 [ERROR] LogOutputStream:75 - [STDERR_REDIRECT] WARNING: Couldn't flush system prefs: java.util.prefs.BackingStoreException: Couldn't get file lock.
2025-06-27 09:21:34,971 [ERROR] LogOutputStream:75 - [STDERR_REDIRECT] 
2025-06-27 09:22:04,970 [ERROR] LogOutputStream:75 - [STDERR_REDIRECT] Jun 27, 2025 9:22:04 AM java.util.prefs.FileSystemPreferences checkLockFile0ErrorCode
2025-06-27 09:22:04,970 [ERROR] LogOutputStream:75 - [STDERR_REDIRECT] WARNING: Could not lock System prefs. Unix error code 2.
2025-06-27 09:22:04,970 [ERROR] LogOutputStream:75 - [STDERR_REDIRECT] 
2025-06-27 09:22:04,971 [ERROR] LogOutputStream:75 - [STDERR_REDIRECT] Jun 27, 2025 9:22:04 AM java.util.prefs.FileSystemPreferences syncWorld
2025-06-27 09:22:04,971 [ERROR] LogOutputStream:75 - [STDERR_REDIRECT] WARNING: Couldn't flush system prefs: java.util.prefs.BackingStoreException: Couldn't get file lock.
2025-06-27 09:22:04,971 [ERROR] LogOutputStream:75 - [STDERR_REDIRECT] 
2025-06-27 09:22:34,970 [ERROR] LogOutputStream:75 - [STDERR_REDIRECT] Jun 27, 2025 9:22:34 AM java.util.prefs.FileSystemPreferences checkLockFile0ErrorCode
2025-06-27 09:22:34,971 [ERROR] LogOutputStream:75 - [STDERR_REDIRECT] WARNING: Could not lock System prefs. Unix error code 2.
2025-06-27 09:22:34,971 [ERROR] LogOutputStream:75 - [STDERR_REDIRECT] 
2025-06-27 09:22:34,972 [ERROR] LogOutputStream:75 - [STDERR_REDIRECT] Jun 27, 2025 9:22:34 AM java.util.prefs.FileSystemPreferences syncWorld
2025-06-27 09:22:34,972 [ERROR] LogOutputStream:75 - [STDERR_REDIRECT] WARNING: Couldn't flush system prefs: java.util.prefs.BackingStoreException: Couldn't get file lock.
2025-06-27 09:22:34,973 [ERROR] LogOutputStream:75 - [STDERR_REDIRECT] 
2025-06-27 09:23:04,969 [ERROR] LogOutputStream:75 - [STDERR_REDIRECT] Jun 27, 2025 9:23:04 AM java.util.prefs.FileSystemPreferences checkLockFile0ErrorCode
2025-06-27 09:23:04,970 [ERROR] LogOutputStream:75 - [STDERR_REDIRECT] WARNING: Could not lock System prefs. Unix error code 2.
2025-06-27 09:23:04,970 [ERROR] LogOutputStream:75 - [STDERR_REDIRECT] 
2025-06-27 09:23:04,970 [ERROR] LogOutputStream:75 - [STDERR_REDIRECT] Jun 27, 2025 9:23:04 AM java.util.prefs.FileSystemPreferences syncWorld
2025-06-27 09:23:04,971 [ERROR] LogOutputStream:75 - [STDERR_REDIRECT] WARNING: Couldn't flush system prefs: java.util.prefs.BackingStoreException: Couldn't get file lock.
2025-06-27 09:23:04,971 [ERROR] LogOutputStream:75 - [STDERR_REDIRECT] 
2025-06-27 09:23:34,969 [ERROR] LogOutputStream:75 - [STDERR_REDIRECT] Jun 27, 2025 9:23:34 AM java.util.prefs.FileSystemPreferences checkLockFile0ErrorCode
2025-06-27 09:23:34,969 [ERROR] LogOutputStream:75 - [STDERR_REDIRECT] WARNING: Could not lock System prefs. Unix error code 2.
2025-06-27 09:23:34,969 [ERROR] LogOutputStream:75 - [STDERR_REDIRECT] 
2025-06-27 09:23:34,970 [ERROR] LogOutputStream:75 - [STDERR_REDIRECT] Jun 27, 2025 9:23:34 AM java.util.prefs.FileSystemPreferences syncWorld
2025-06-27 09:23:34,970 [ERROR] LogOutputStream:75 - [STDERR_REDIRECT] WARNING: Couldn't flush system prefs: java.util.prefs.BackingStoreException: Couldn't get file lock.
2025-06-27 09:23:34,970 [ERROR] LogOutputStream:75 - [STDERR_REDIRECT] 
2025-06-27 09:24:04,970 [ERROR] LogOutputStream:75 - [STDERR_REDIRECT] Jun 27, 2025 9:24:04 AM java.util.prefs.FileSystemPreferences checkLockFile0ErrorCode
2025-06-27 09:24:04,970 [ERROR] LogOutputStream:75 - [STDERR_REDIRECT] WARNING: Could not lock System prefs. Unix error code 2.
2025-06-27 09:24:04,970 [ERROR] LogOutputStream:75 - [STDERR_REDIRECT] 
2025-06-27 09:24:04,971 [ERROR] LogOutputStream:75 - [STDERR_REDIRECT] Jun 27, 2025 9:24:04 AM java.util.prefs.FileSystemPreferences syncWorld
2025-06-27 09:24:04,971 [ERROR] LogOutputStream:75 - [STDERR_REDIRECT] WARNING: Couldn't flush system prefs: java.util.prefs.BackingStoreException: Couldn't get file lock.
2025-06-27 09:24:04,971 [ERROR] LogOutputStream:75 - [STDERR_REDIRECT] 
2025-06-27 09:24:34,970 [ERROR] LogOutputStream:75 - [STDERR_REDIRECT] Jun 27, 2025 9:24:34 AM java.util.prefs.FileSystemPreferences checkLockFile0ErrorCode
2025-06-27 09:24:34,970 [ERROR] LogOutputStream:75 - [STDERR_REDIRECT] WARNING: Could not lock System prefs. Unix error code 2.
2025-06-27 09:24:34,971 [ERROR] LogOutputStream:75 - [STDERR_REDIRECT] 
2025-06-27 09:24:34,971 [ERROR] LogOutputStream:75 - [STDERR_REDIRECT] Jun 27, 2025 9:24:34 AM java.util.prefs.FileSystemPreferences syncWorld
2025-06-27 09:24:34,971 [ERROR] LogOutputStream:75 - [STDERR_REDIRECT] WARNING: Couldn't flush system prefs: java.util.prefs.BackingStoreException: Couldn't get file lock.
2025-06-27 09:24:34,971 [ERROR] LogOutputStream:75 - [STDERR_REDIRECT] 
2025-06-27 09:25:04,970 [ERROR] LogOutputStream:75 - [STDERR_REDIRECT] Jun 27, 2025 9:25:04 AM java.util.prefs.FileSystemPreferences checkLockFile0ErrorCode
2025-06-27 09:25:04,971 [ERROR] LogOutputStream:75 - [STDERR_REDIRECT] WARNING: Could not lock System prefs. Unix error code 2.
2025-06-27 09:25:04,971 [ERROR] LogOutputStream:75 - [STDERR_REDIRECT] 
2025-06-27 09:25:04,972 [ERROR] LogOutputStream:75 - [STDERR_REDIRECT] Jun 27, 2025 9:25:04 AM java.util.prefs.FileSystemPreferences syncWorld
2025-06-27 09:25:04,972 [ERROR] LogOutputStream:75 - [STDERR_REDIRECT] WARNING: Couldn't flush system prefs: java.util.prefs.BackingStoreException: Couldn't get file lock.
2025-06-27 09:25:04,972 [ERROR] LogOutputStream:75 - [STDERR_REDIRECT] 
2025-06-27 09:25:34,971 [ERROR] LogOutputStream:75 - [STDERR_REDIRECT] Jun 27, 2025 9:25:34 AM java.util.prefs.FileSystemPreferences checkLockFile0ErrorCode
2025-06-27 09:25:34,971 [ERROR] LogOutputStream:75 - [STDERR_REDIRECT] WARNING: Could not lock System prefs. Unix error code 2.
2025-06-27 09:25:34,971 [ERROR] LogOutputStream:75 - [STDERR_REDIRECT] 
2025-06-27 09:25:34,972 [ERROR] LogOutputStream:75 - [STDERR_REDIRECT] Jun 27, 2025 9:25:34 AM java.util.prefs.FileSystemPreferences syncWorld
2025-06-27 09:25:34,972 [ERROR] LogOutputStream:75 - [STDERR_REDIRECT] WARNING: Couldn't flush system prefs: java.util.prefs.BackingStoreException: Couldn't get file lock.
2025-06-27 09:25:34,972 [ERROR] LogOutputStream:75 - [STDERR_REDIRECT] 
2025-06-27 09:26:04,971 [ERROR] LogOutputStream:75 - [STDERR_REDIRECT] Jun 27, 2025 9:26:04 AM java.util.prefs.FileSystemPreferences checkLockFile0ErrorCode
2025-06-27 09:26:04,971 [ERROR] LogOutputStream:75 - [STDERR_REDIRECT] WARNING: Could not lock System prefs. Unix error code 2.
2025-06-27 09:26:04,972 [ERROR] LogOutputStream:75 - [STDERR_REDIRECT] 
2025-06-27 09:26:04,972 [ERROR] LogOutputStream:75 - [STDERR_REDIRECT] Jun 27, 2025 9:26:04 AM java.util.prefs.FileSystemPreferences syncWorld
2025-06-27 09:26:04,973 [ERROR] LogOutputStream:75 - [STDERR_REDIRECT] WARNING: Couldn't flush system prefs: java.util.prefs.BackingStoreException: Couldn't get file lock.
2025-06-27 09:26:04,973 [ERROR] LogOutputStream:75 - [STDERR_REDIRECT] 
2025-06-27 09:26:34,971 [ERROR] LogOutputStream:75 - [STDERR_REDIRECT] Jun 27, 2025 9:26:34 AM java.util.prefs.FileSystemPreferences checkLockFile0ErrorCode
2025-06-27 09:26:34,971 [ERROR] LogOutputStream:75 - [STDERR_REDIRECT] WARNING: Could not lock System prefs. Unix error code 2.
2025-06-27 09:26:34,971 [ERROR] LogOutputStream:75 - [STDERR_REDIRECT] 
2025-06-27 09:26:34,972 [ERROR] LogOutputStream:75 - [STDERR_REDIRECT] Jun 27, 2025 9:26:34 AM java.util.prefs.FileSystemPreferences syncWorld
2025-06-27 09:26:34,972 [ERROR] LogOutputStream:75 - [STDERR_REDIRECT] WARNING: Couldn't flush system prefs: java.util.prefs.BackingStoreException: Couldn't get file lock.
2025-06-27 09:26:34,972 [ERROR] LogOutputStream:75 - [STDERR_REDIRECT] 
2025-06-27 09:27:04,971 [ERROR] LogOutputStream:75 - [STDERR_REDIRECT] Jun 27, 2025 9:27:04 AM java.util.prefs.FileSystemPreferences checkLockFile0ErrorCode
2025-06-27 09:27:04,972 [ERROR] LogOutputStream:75 - [STDERR_REDIRECT] WARNING: Could not lock System prefs. Unix error code 2.
2025-06-27 09:27:04,972 [ERROR] LogOutputStream:75 - [STDERR_REDIRECT] 
2025-06-27 09:27:04,972 [ERROR] LogOutputStream:75 - [STDERR_REDIRECT] Jun 27, 2025 9:27:04 AM java.util.prefs.FileSystemPreferences syncWorld
2025-06-27 09:27:04,972 [ERROR] LogOutputStream:75 - [STDERR_REDIRECT] WARNING: Couldn't flush system prefs: java.util.prefs.BackingStoreException: Couldn't get file lock.
2025-06-27 09:27:04,973 [ERROR] LogOutputStream:75 - [STDERR_REDIRECT] 
2025-06-27 09:27:34,971 [ERROR] LogOutputStream:75 - [STDERR_REDIRECT] Jun 27, 2025 9:27:34 AM java.util.prefs.FileSystemPreferences checkLockFile0ErrorCode
2025-06-27 09:27:34,971 [ERROR] LogOutputStream:75 - [STDERR_REDIRECT] WARNING: Could not lock System prefs. Unix error code 2.
2025-06-27 09:27:34,971 [ERROR] LogOutputStream:75 - [STDERR_REDIRECT] 
2025-06-27 09:27:34,971 [ERROR] LogOutputStream:75 - [STDERR_REDIRECT] Jun 27, 2025 9:27:34 AM java.util.prefs.FileSystemPreferences syncWorld
2025-06-27 09:27:34,972 [ERROR] LogOutputStream:75 - [STDERR_REDIRECT] WARNING: Couldn't flush system prefs: java.util.prefs.BackingStoreException: Couldn't get file lock.
2025-06-27 09:27:34,972 [ERROR] LogOutputStream:75 - [STDERR_REDIRECT] 
2025-06-27 09:28:04,971 [ERROR] LogOutputStream:75 - [STDERR_REDIRECT] Jun 27, 2025 9:28:04 AM java.util.prefs.FileSystemPreferences checkLockFile0ErrorCode
2025-06-27 09:28:04,971 [ERROR] LogOutputStream:75 - [STDERR_REDIRECT] WARNING: Could not lock System prefs. Unix error code 2.
2025-06-27 09:28:04,971 [ERROR] LogOutputStream:75 - [STDERR_REDIRECT] 
2025-06-27 09:28:04,972 [ERROR] LogOutputStream:75 - [STDERR_REDIRECT] Jun 27, 2025 9:28:04 AM java.util.prefs.FileSystemPreferences syncWorld
2025-06-27 09:28:04,972 [ERROR] LogOutputStream:75 - [STDERR_REDIRECT] WARNING: Couldn't flush system prefs: java.util.prefs.BackingStoreException: Couldn't get file lock.
2025-06-27 09:28:04,972 [ERROR] LogOutputStream:75 - [STDERR_REDIRECT] 
2025-06-27 09:28:34,971 [ERROR] LogOutputStream:75 - [STDERR_REDIRECT] Jun 27, 2025 9:28:34 AM java.util.prefs.FileSystemPreferences checkLockFile0ErrorCode
2025-06-27 09:28:34,971 [ERROR] LogOutputStream:75 - [STDERR_REDIRECT] WARNING: Could not lock System prefs. Unix error code 2.
2025-06-27 09:28:34,972 [ERROR] LogOutputStream:75 - [STDERR_REDIRECT] 
2025-06-27 09:28:34,972 [ERROR] LogOutputStream:75 - [STDERR_REDIRECT] Jun 27, 2025 9:28:34 AM java.util.prefs.FileSystemPreferences syncWorld
2025-06-27 09:28:34,972 [ERROR] LogOutputStream:75 - [STDERR_REDIRECT] WARNING: Couldn't flush system prefs: java.util.prefs.BackingStoreException: Couldn't get file lock.
2025-06-27 09:28:34,972 [ERROR] LogOutputStream:75 - [STDERR_REDIRECT] 
2025-06-27 09:29:04,972 [ERROR] LogOutputStream:75 - [STDERR_REDIRECT] Jun 27, 2025 9:29:04 AM java.util.prefs.FileSystemPreferences checkLockFile0ErrorCode
2025-06-27 09:29:04,972 [ERROR] LogOutputStream:75 - [STDERR_REDIRECT] WARNING: Could not lock System prefs. Unix error code 2.
2025-06-27 09:29:04,972 [ERROR] LogOutputStream:75 - [STDERR_REDIRECT] 
2025-06-27 09:29:04,973 [ERROR] LogOutputStream:75 - [STDERR_REDIRECT] Jun 27, 2025 9:29:04 AM java.util.prefs.FileSystemPreferences syncWorld
2025-06-27 09:29:04,973 [ERROR] LogOutputStream:75 - [STDERR_REDIRECT] WARNING: Couldn't flush system prefs: java.util.prefs.BackingStoreException: Couldn't get file lock.
2025-06-27 09:29:04,973 [ERROR] LogOutputStream:75 - [STDERR_REDIRECT] 
2025-06-27 09:29:30,811 [ERROR] LogOutputStream:75 - [STDERR_REDIRECT] 
2025-06-27 09:29:30,812 [ERROR] LogOutputStream:75 - [STDERR_REDIRECT] 
